npm ERR! code ERESOLVE
npm ERR! ERESOLVE could not resolve
npm ERR! 
npm ERR! While resolving: @clerk/clerk-expo@2.19.17
npm ERR! Found: react@19.1.0
npm ERR! node_modules/react
npm ERR!   peer react@">=16.8.0" from @emotion/react@11.11.1
npm ERR!   node_modules/@emotion/react
npm ERR!     @emotion/react@"11.11.1" from @clerk/clerk-js@5.120.0
npm ERR!     node_modules/@clerk/clerk-expo/node_modules/@clerk/clerk-js
npm ERR!       @clerk/clerk-js@"^5.119.1" from @clerk/clerk-expo@2.19.17
npm ERR!       node_modules/@clerk/clerk-expo
npm ERR!         @clerk/clerk-expo@"^2.19.6" from the root project
npm ERR!   peer react@">=16.8.0" from @emotion/use-insertion-effect-with-fallbacks@1.2.0
npm ERR!   node_modules/@emotion/use-insertion-effect-with-fallbacks
npm ERR!     @emotion/use-insertion-effect-with-fallbacks@"^1.0.1" from @emotion/react@11.11.1
npm ERR!     node_modules/@emotion/react
npm ERR!       @emotion/react@"11.11.1" from @clerk/clerk-js@5.120.0
npm ERR!       node_modules/@clerk/clerk-expo/node_modules/@clerk/clerk-js
npm ERR!         @clerk/clerk-js@"^5.119.1" from @clerk/clerk-expo@2.19.17
npm ERR!         node_modules/@clerk/clerk-expo
npm ERR!   78 more (@expo/devtools, @expo/metro-runtime, ...)
npm ERR! 
npm ERR! Could not resolve dependency:
npm ERR! peer react@"^18.0.0 || ~19.0.3 || ~19.1.4 || ~19.2.3 || ~19.3.0-0" from @clerk/clerk-expo@2.19.17
npm ERR! node_modules/@clerk/clerk-expo
npm ERR!   @clerk/clerk-expo@"^2.19.6" from the root project
npm ERR! 
npm ERR! Conflicting peer dependency: react@19.2.3
npm ERR! node_modules/react
npm ERR!   peer react@"^18.0.0 || ~19.0.3 || ~19.1.4 || ~19.2.3 || ~19.3.0-0" from @clerk/clerk-expo@2.19.17
npm ERR!   node_modules/@clerk/clerk-expo
npm ERR!     @clerk/clerk-expo@"^2.19.6" from the root project
npm ERR! 
npm ERR! Fix the upstream dependency conflict, or retry
npm ERR! this command with --force or --legacy-peer-deps
npm ERR! to accept an incorrect (and potentially broken) dependency resolution.
npm ERR! 
npm ERR! 
npm ERR! For a full report see:
npm ERR! C:\Users\Anoua\AppData\Local\npm-cache\_logs\2026-01-19T02_06_17_283Z-eresolve-report.txt

npm ERR! A complete log of this run can be found in: C:\Users\Anoua\AppData\Local\npm-cache\_logs\2026-01-19T02_06_17_283Z-debug-0.log
